<?xml version="1.0" encoding="UTF-8"?>
<!-- Generated by org.testng.reporters.JUnitXMLReporter -->
<testsuite hostname="DESKTOP-P2T5PHQ" ignored="0" name="Test" tests="2" failures="1" timestamp="2023-03-30T16:44:26 IST" time="0.181" errors="0">
  <testcase name="homePageTitle" time="0.014" classname="selfPractisePrograms.ParallelTest1"/>
  <testcase name="logoTest" time="0.093" classname="selfPractisePrograms.ParallelTest1">
    <failure type="java.lang.IllegalStateException" message="The driver executable must exist: C:\Users\madha\Downloads\geckodriver-v0.32.2-win3\geckodriver.exe">
      <![CDATA[java.lang.IllegalStateException: The driver executable must exist: C:\Users\madha\Downloads\geckodriver-v0.32.2-win3\geckodriver.exe
at org.openqa.selenium.internal.Require$FileStateChecker.isFile(Require.java:342)
at org.openqa.selenium.remote.service.DriverService.checkExecutable(DriverService.java:147)
at org.openqa.selenium.remote.service.DriverService.findExecutable(DriverService.java:142)
at org.openqa.selenium.firefox.GeckoDriverService.access$100(GeckoDriverService.java:45)
at org.openqa.selenium.firefox.GeckoDriverService$Builder.findDefaultExecutable(GeckoDriverService.java:181)
at org.openqa.selenium.remote.service.DriverService$Builder.build(DriverService.java:437)
at org.openqa.selenium.firefox.GeckoDriverService.createDefaultService(GeckoDriverService.java:94)
at org.openqa.selenium.firefox.FirefoxDriver.<init>(FirefoxDriver.java:98)
at org.openqa.selenium.firefox.FirefoxDriver.<init>(FirefoxDriver.java:94)
at selfPractisePrograms.ParallelTest1.logoTest(ParallelTest1.java:13)
at java.util.ArrayList.forEach(ArrayList.java:1257)
at java.util.concurrent.FutureTask.run(FutureTask.java:266)
at java.util.concurrent.ThreadPoolExecutor.runWorker(ThreadPoolExecutor.java:1149)
at java.util.concurrent.ThreadPoolExecutor$Worker.run(ThreadPoolExecutor.java:624)
at java.lang.Thread.run(Thread.java:748)
... Removed 18 stack frames]]>
    </failure>
  </testcase> <!-- logoTest -->
</testsuite> <!-- Test -->
